[0.067s] Invoking command in '/home/malina01/ldlidar_stl_ros2/build/ldlidar_stl_ros2': CMAKE_PREFIX_PATH=/opt/ros/iron /usr/bin/cmake /home/malina01/ldlidar_stl_ros2 -DCMAKE_INSTALL_PREFIX=/home/malina01/ldlidar_stl_ros2/install/ldlidar_stl_ros2
[1.103s] -- The C compiler identification is GNU 11.4.0
[1.903s] -- The CXX compiler identification is GNU 11.4.0
[1.956s] -- Detecting C compiler ABI info
[2.431s] -- Detecting C compiler ABI info - done
[2.531s] -- Check for working C compiler: /usr/bin/cc - skipped
[2.539s] -- Detecting C compile features
[2.572s] -- Detecting C compile features - done
[2.649s] -- Detecting CXX compiler ABI info
[3.046s] -- Detecting CXX compiler ABI info - done
[3.075s] -- Check for working CXX compiler: /usr/bin/c++ - skipped
[3.076s] -- Detecting CXX compile features
[3.078s] -- Detecting CXX compile features - done
[3.117s] -- Found ament_cmake: 2.0.7 (/opt/ros/iron/share/ament_cmake/cmake)
[4.002s] -- Found Python3: /usr/bin/python3.10 (found version "3.10.12") found components: Interpreter 
[4.652s] -- Found rclcpp: 21.0.8 (/opt/ros/iron/share/rclcpp/cmake)
[5.103s] -- Found rosidl_generator_c: 4.0.1 (/opt/ros/iron/share/rosidl_generator_c/cmake)
[5.208s] -- Found rosidl_generator_cpp: 4.0.1 (/opt/ros/iron/share/rosidl_generator_cpp/cmake)
[5.344s] -- Using all available rosidl_typesupport_c: rosidl_typesupport_fastrtps_c;rosidl_typesupport_introspection_c
[5.494s] -- Using all available rosidl_typesupport_cpp: rosidl_typesupport_fastrtps_cpp;rosidl_typesupport_introspection_cpp
[6.354s] -- Found rmw_implementation_cmake: 7.1.0 (/opt/ros/iron/share/rmw_implementation_cmake/cmake)
[6.384s] -- Found rmw_fastrtps_cpp: 7.1.4 (/opt/ros/iron/share/rmw_fastrtps_cpp/cmake)
[7.137s] -- Found OpenSSL: /usr/lib/aarch64-linux-gnu/libcrypto.so (found version "3.0.2")  
[7.403s] -- Found FastRTPS: /opt/ros/iron/include  
[7.833s] -- Using RMW implementation 'rmw_fastrtps_cpp' as default
[8.654s] -- Found sensor_msgs: 5.0.1 (/opt/ros/iron/share/sensor_msgs/cmake)
[9.591s] -- Found ament_lint_auto: 0.14.4 (/opt/ros/iron/share/ament_lint_auto/cmake)
[10.105s] -- Added test 'copyright' to check source files copyright and LICENSE
[10.210s] -- Added test 'cppcheck' to perform static code analysis on C / C++ code
[10.212s] -- Configured cppcheck include dirs: /home/malina01/ldlidar_stl_ros2/include;/home/malina01/ldlidar_stl_ros2/ldlidar_driver/include/core;/home/malina01/ldlidar_stl_ros2/ldlidar_driver/include/dataprocess;/home/malina01/ldlidar_stl_ros2/ldlidar_driver/include/filter;/home/malina01/ldlidar_stl_ros2/ldlidar_driver/include/logger;/home/malina01/ldlidar_stl_ros2/ldlidar_driver/include/networkcom;/home/malina01/ldlidar_stl_ros2/ldlidar_driver/include/serialcom
[10.212s] -- Configured cppcheck exclude dirs and/or files: 
[10.314s] -- Added test 'cpplint' to check C / C++ code against the Google style
[10.315s] -- Configured cpplint exclude dirs and/or files: 
[10.330s] -- Added test 'flake8' to check Python code syntax and style conventions
[10.330s] -- Configured 'flake8' exclude dirs and/or files: 
[10.358s] -- Added test 'lint_cmake' to check CMake code style
[10.373s] -- Added test 'pep257' to check Python code against some of the docstring style conventions in PEP 257
[10.479s] -- Added test 'uncrustify' to check C / C++ code style
[10.480s] -- Configured uncrustify additional arguments: 
[10.495s] -- Added test 'xmllint' to check XML markup files
[10.507s] -- Configuring done
[10.576s] -- Generating done
[10.594s] -- Build files have been written to: /home/malina01/ldlidar_stl_ros2/build/ldlidar_stl_ros2
[10.631s] Invoked command in '/home/malina01/ldlidar_stl_ros2/build/ldlidar_stl_ros2' returned '0': CMAKE_PREFIX_PATH=/opt/ros/iron /usr/bin/cmake /home/malina01/ldlidar_stl_ros2 -DCMAKE_INSTALL_PREFIX=/home/malina01/ldlidar_stl_ros2/install/ldlidar_stl_ros2
[10.641s] Invoking command in '/home/malina01/ldlidar_stl_ros2/build/ldlidar_stl_ros2': CMAKE_PREFIX_PATH=/opt/ros/iron /usr/bin/cmake --build /home/malina01/ldlidar_stl_ros2/build/ldlidar_stl_ros2 -- -j4 -l4
[10.866s] [ 12%] [32mBuilding CXX object CMakeFiles/ldlidar_stl_ros2_node.dir/src/demo.cpp.o[0m
[10.869s] [ 25%] [32mBuilding CXX object CMakeFiles/ldlidar_stl_ros2_node.dir/ldlidar_driver/src/core/ldlidar_driver.cpp.o[0m
[10.873s] [ 37%] [32mBuilding CXX object CMakeFiles/ldlidar_stl_ros2_node.dir/ldlidar_driver/src/dataprocess/lipkg.cpp.o[0m
[10.877s] [ 50%] [32mBuilding CXX object CMakeFiles/ldlidar_stl_ros2_node.dir/ldlidar_driver/src/filter/tofbf.cpp.o[0m
[16.269s] [ 62%] [32mBuilding CXX object CMakeFiles/ldlidar_stl_ros2_node.dir/ldlidar_driver/src/logger/log_module.cpp.o[0m
[16.368s] [ 75%] [32mBuilding CXX object CMakeFiles/ldlidar_stl_ros2_node.dir/ldlidar_driver/src/networkcom/network_socket_interface_linux.cpp.o[0m
[17.120s] [ 87%] [32mBuilding CXX object CMakeFiles/ldlidar_stl_ros2_node.dir/ldlidar_driver/src/serialcom/serial_interface_linux.cpp.o[0m
[35.243s] [100%] [32m[1mLinking CXX executable ldlidar_stl_ros2_node[0m
[36.677s] [100%] Built target ldlidar_stl_ros2_node
[36.725s] Invoked command in '/home/malina01/ldlidar_stl_ros2/build/ldlidar_stl_ros2' returned '0': CMAKE_PREFIX_PATH=/opt/ros/iron /usr/bin/cmake --build /home/malina01/ldlidar_stl_ros2/build/ldlidar_stl_ros2 -- -j4 -l4
[36.768s] Invoking command in '/home/malina01/ldlidar_stl_ros2/build/ldlidar_stl_ros2': CMAKE_PREFIX_PATH=/opt/ros/iron /usr/bin/cmake --install /home/malina01/ldlidar_stl_ros2/build/ldlidar_stl_ros2
[36.798s] -- Install configuration: ""
[36.799s] -- Installing: /home/malina01/ldlidar_stl_ros2/install/ldlidar_stl_ros2/lib/ldlidar_stl_ros2/ldlidar_stl_ros2_node
[36.811s] -- Set runtime path of "/home/malina01/ldlidar_stl_ros2/install/ldlidar_stl_ros2/lib/ldlidar_stl_ros2/ldlidar_stl_ros2_node" to ""
[36.812s] -- Installing: /home/malina01/ldlidar_stl_ros2/install/ldlidar_stl_ros2/share/ldlidar_stl_ros2//launch
[36.812s] -- Installing: /home/malina01/ldlidar_stl_ros2/install/ldlidar_stl_ros2/share/ldlidar_stl_ros2//launch/viewer_stl27l.launch.py
[36.813s] -- Installing: /home/malina01/ldlidar_stl_ros2/install/ldlidar_stl_ros2/share/ldlidar_stl_ros2//launch/ld06.launch.py
[36.814s] -- Installing: /home/malina01/ldlidar_stl_ros2/install/ldlidar_stl_ros2/share/ldlidar_stl_ros2//launch/stl27l.launch.py
[36.815s] -- Installing: /home/malina01/ldlidar_stl_ros2/install/ldlidar_stl_ros2/share/ldlidar_stl_ros2//launch/viewer_ld19.launch.py
[36.816s] -- Installing: /home/malina01/ldlidar_stl_ros2/install/ldlidar_stl_ros2/share/ldlidar_stl_ros2//launch/viewer_ld06.launch.py
[36.817s] -- Installing: /home/malina01/ldlidar_stl_ros2/install/ldlidar_stl_ros2/share/ldlidar_stl_ros2//launch/ld19.launch.py
[36.818s] -- Installing: /home/malina01/ldlidar_stl_ros2/install/ldlidar_stl_ros2/share/ldlidar_stl_ros2//rviz2
[36.818s] -- Installing: /home/malina01/ldlidar_stl_ros2/install/ldlidar_stl_ros2/share/ldlidar_stl_ros2//rviz2/ldlidar.rviz
[36.820s] -- Installing: /home/malina01/ldlidar_stl_ros2/install/ldlidar_stl_ros2/share/ament_index/resource_index/package_run_dependencies/ldlidar_stl_ros2
[36.822s] -- Installing: /home/malina01/ldlidar_stl_ros2/install/ldlidar_stl_ros2/share/ament_index/resource_index/parent_prefix_path/ldlidar_stl_ros2
[36.823s] -- Installing: /home/malina01/ldlidar_stl_ros2/install/ldlidar_stl_ros2/share/ldlidar_stl_ros2/environment/ament_prefix_path.sh
[36.824s] -- Installing: /home/malina01/ldlidar_stl_ros2/install/ldlidar_stl_ros2/share/ldlidar_stl_ros2/environment/ament_prefix_path.dsv
[36.826s] -- Installing: /home/malina01/ldlidar_stl_ros2/install/ldlidar_stl_ros2/share/ldlidar_stl_ros2/environment/path.sh
[36.827s] -- Installing: /home/malina01/ldlidar_stl_ros2/install/ldlidar_stl_ros2/share/ldlidar_stl_ros2/environment/path.dsv
[36.828s] -- Installing: /home/malina01/ldlidar_stl_ros2/install/ldlidar_stl_ros2/share/ldlidar_stl_ros2/local_setup.bash
[36.829s] -- Installing: /home/malina01/ldlidar_stl_ros2/install/ldlidar_stl_ros2/share/ldlidar_stl_ros2/local_setup.sh
[36.830s] -- Installing: /home/malina01/ldlidar_stl_ros2/install/ldlidar_stl_ros2/share/ldlidar_stl_ros2/local_setup.zsh
[36.831s] -- Installing: /home/malina01/ldlidar_stl_ros2/install/ldlidar_stl_ros2/share/ldlidar_stl_ros2/local_setup.dsv
[36.833s] -- Installing: /home/malina01/ldlidar_stl_ros2/install/ldlidar_stl_ros2/share/ldlidar_stl_ros2/package.dsv
[36.834s] -- Installing: /home/malina01/ldlidar_stl_ros2/install/ldlidar_stl_ros2/share/ament_index/resource_index/packages/ldlidar_stl_ros2
[36.836s] -- Installing: /home/malina01/ldlidar_stl_ros2/install/ldlidar_stl_ros2/share/ldlidar_stl_ros2/cmake/ldlidar_stl_ros2Config.cmake
[36.837s] -- Installing: /home/malina01/ldlidar_stl_ros2/install/ldlidar_stl_ros2/share/ldlidar_stl_ros2/cmake/ldlidar_stl_ros2Config-version.cmake
[36.838s] -- Installing: /home/malina01/ldlidar_stl_ros2/install/ldlidar_stl_ros2/share/ldlidar_stl_ros2/package.xml
[36.845s] Invoked command in '/home/malina01/ldlidar_stl_ros2/build/ldlidar_stl_ros2' returned '0': CMAKE_PREFIX_PATH=/opt/ros/iron /usr/bin/cmake --install /home/malina01/ldlidar_stl_ros2/build/ldlidar_stl_ros2
