[0.459s] DEBUG:colcon:Command line arguments: ['/usr/bin/colcon', 'build']
[0.459s] DEBUG:colcon:Parsed command line arguments: Namespace(log_base=None, log_level=None, verb_name='build', build_base='build', install_base='install', merge_install=False, symlink_install=False, test_result_base=None, continue_on_error=False, executor='parallel', parallel_workers=4, event_handlers=None, ignore_user_meta=False, metas=['./colcon.meta'], base_paths=['.'], packages_ignore=None, packages_ignore_regex=None, paths=None, packages_up_to=None, packages_up_to_regex=None, packages_above=None, packages_above_and_dependencies=None, packages_above_depth=None, packages_select_by_dep=None, packages_skip_by_dep=None, packages_skip_up_to=None, packages_select_build_failed=False, packages_skip_build_finished=False, packages_select_test_failures=False, packages_skip_test_passed=False, packages_select=None, packages_skip=None, packages_select_regex=None, packages_skip_regex=None, packages_start=None, packages_end=None, allow_overriding=[], cmake_args=None, cmake_target=None, cmake_target_skip_unavailable=False, cmake_clean_cache=False, cmake_clean_first=False, cmake_force_configure=False, ament_cmake_args=None, catkin_cmake_args=None, catkin_skip_building_tests=False, mixin_files=None, mixin=None, verb_parser=<colcon_mixin.mixin.mixin_argument.MixinArgumentDecorator object at 0xffffaad9e3e0>, verb_extension=<colcon_core.verb.build.BuildVerb object at 0xffffaaf532e0>, main=<bound method BuildVerb.main of <colcon_core.verb.build.BuildVerb object at 0xffffaaf532e0>>, mixin_verb=('build',))
[1.269s] Level 1:colcon.colcon_core.package_discovery:discover_packages(colcon_meta) check parameters
[1.269s] Level 1:colcon.colcon_core.package_discovery:discover_packages(recursive) check parameters
[1.269s] Level 1:colcon.colcon_core.package_discovery:discover_packages(ignore) check parameters
[1.269s] Level 1:colcon.colcon_core.package_discovery:discover_packages(path) check parameters
[1.269s] Level 1:colcon.colcon_core.package_discovery:discover_packages(colcon_meta) discover
[1.270s] Level 1:colcon.colcon_core.package_discovery:discover_packages(recursive) discover
[1.270s] INFO:colcon.colcon_core.package_discovery:Crawling recursively for packages in '/home/malina01/ldlidar_stl_ros2'
[1.270s] Level 1:colcon.colcon_core.package_identification:_identify(.) by extensions ['ignore', 'ignore_ament_install']
[1.271s] Level 1:colcon.colcon_core.package_identification:_identify(.) by extension 'ignore'
[1.271s] Level 1:colcon.colcon_core.package_identification:_identify(.) by extension 'ignore_ament_install'
[1.271s] Level 1:colcon.colcon_core.package_identification:_identify(.) by extensions ['colcon_pkg']
[1.271s] Level 1:colcon.colcon_core.package_identification:_identify(.) by extension 'colcon_pkg'
[1.271s] Level 1:colcon.colcon_core.package_identification:_identify(.) by extensions ['colcon_meta']
[1.272s] Level 1:colcon.colcon_core.package_identification:_identify(.) by extension 'colcon_meta'
[1.272s] Level 1:colcon.colcon_core.package_identification:_identify(.) by extensions ['ros']
[1.272s] Level 1:colcon.colcon_core.package_identification:_identify(.) by extension 'ros'
[1.324s] DEBUG:colcon.colcon_core.package_identification:Package '.' with type 'ros.ament_cmake' and name 'ldlidar_stl_ros2'
[1.324s] Level 1:colcon.colcon_core.package_discovery:discover_packages(recursive) using defaults
[1.324s] Level 1:colcon.colcon_core.package_discovery:discover_packages(ignore) discover
[1.324s] Level 1:colcon.colcon_core.package_discovery:discover_packages(ignore) using defaults
[1.324s] Level 1:colcon.colcon_core.package_discovery:discover_packages(path) discover
[1.324s] Level 1:colcon.colcon_core.package_discovery:discover_packages(path) using defaults
[1.446s] Level 1:colcon.colcon_core.package_discovery:discover_packages(prefix_path) check parameters
[1.447s] Level 1:colcon.colcon_core.package_discovery:discover_packages(prefix_path) discover
[1.457s] DEBUG:colcon.colcon_installed_package_information.package_discovery:Found 1 installed packages in /home/malina01/ldlidar_stl_ros2/install
[1.467s] DEBUG:colcon.colcon_installed_package_information.package_discovery:Found 302 installed packages in /opt/ros/iron
[1.474s] Level 1:colcon.colcon_core.package_discovery:discover_packages(prefix_path) using defaults
[1.684s] Level 5:colcon.colcon_core.verb:set package 'ldlidar_stl_ros2' build argument 'cmake_args' from command line to 'None'
[1.685s] Level 5:colcon.colcon_core.verb:set package 'ldlidar_stl_ros2' build argument 'cmake_target' from command line to 'None'
[1.685s] Level 5:colcon.colcon_core.verb:set package 'ldlidar_stl_ros2' build argument 'cmake_target_skip_unavailable' from command line to 'False'
[1.685s] Level 5:colcon.colcon_core.verb:set package 'ldlidar_stl_ros2' build argument 'cmake_clean_cache' from command line to 'False'
[1.685s] Level 5:colcon.colcon_core.verb:set package 'ldlidar_stl_ros2' build argument 'cmake_clean_first' from command line to 'False'
[1.685s] Level 5:colcon.colcon_core.verb:set package 'ldlidar_stl_ros2' build argument 'cmake_force_configure' from command line to 'False'
[1.685s] Level 5:colcon.colcon_core.verb:set package 'ldlidar_stl_ros2' build argument 'ament_cmake_args' from command line to 'None'
[1.685s] Level 5:colcon.colcon_core.verb:set package 'ldlidar_stl_ros2' build argument 'catkin_cmake_args' from command line to 'None'
[1.685s] Level 5:colcon.colcon_core.verb:set package 'ldlidar_stl_ros2' build argument 'catkin_skip_building_tests' from command line to 'False'
[1.686s] DEBUG:colcon.colcon_core.verb:Building package 'ldlidar_stl_ros2' with the following arguments: {'ament_cmake_args': None, 'build_base': '/home/malina01/ldlidar_stl_ros2/build/ldlidar_stl_ros2', 'catkin_cmake_args': None, 'catkin_skip_building_tests': False, 'cmake_args': None, 'cmake_clean_cache': False, 'cmake_clean_first': False, 'cmake_force_configure': False, 'cmake_target': None, 'cmake_target_skip_unavailable': False, 'install_base': '/home/malina01/ldlidar_stl_ros2/install/ldlidar_stl_ros2', 'merge_install': False, 'path': '/home/malina01/ldlidar_stl_ros2', 'symlink_install': False, 'test_result_base': None}
[1.686s] INFO:colcon.colcon_core.executor:Executing jobs using 'parallel' executor
[1.689s] DEBUG:colcon.colcon_parallel_executor.executor.parallel:run_until_complete
[1.690s] INFO:colcon.colcon_ros.task.ament_cmake.build:Building ROS package in '/home/malina01/ldlidar_stl_ros2' with build type 'ament_cmake'
[1.690s] INFO:colcon.colcon_cmake.task.cmake.build:Building CMake package in '/home/malina01/ldlidar_stl_ros2'
[1.699s] INFO:colcon.colcon_core.plugin_system:Skipping extension 'colcon_core.shell.bat': Not used on non-Windows systems
[1.700s] INFO:colcon.colcon_core.shell:Skip shell extension 'powershell' for command environment: Not usable outside of PowerShell
[1.700s] DEBUG:colcon.colcon_core.shell:Skip shell extension 'dsv' for command environment
[1.753s] DEBUG:colcon.colcon_core.event_handler.log_command:Invoking command in '/home/malina01/ldlidar_stl_ros2/build/ldlidar_stl_ros2': CMAKE_PREFIX_PATH=${CMAKE_PREFIX_PATH}:/opt/ros/iron /usr/bin/cmake --build /home/malina01/ldlidar_stl_ros2/build/ldlidar_stl_ros2 -- -j4 -l4
[2.093s] DEBUG:colcon.colcon_core.event_handler.log_command:Invoked command in '/home/malina01/ldlidar_stl_ros2/build/ldlidar_stl_ros2' returned '0': CMAKE_PREFIX_PATH=${CMAKE_PREFIX_PATH}:/opt/ros/iron /usr/bin/cmake --build /home/malina01/ldlidar_stl_ros2/build/ldlidar_stl_ros2 -- -j4 -l4
[2.141s] DEBUG:colcon.colcon_core.event_handler.log_command:Invoking command in '/home/malina01/ldlidar_stl_ros2/build/ldlidar_stl_ros2': CMAKE_PREFIX_PATH=${CMAKE_PREFIX_PATH}:/opt/ros/iron /usr/bin/cmake --install /home/malina01/ldlidar_stl_ros2/build/ldlidar_stl_ros2
[2.184s] Level 1:colcon.colcon_core.environment:create_environment_scripts_only(ldlidar_stl_ros2)
[2.185s] DEBUG:colcon.colcon_core.event_handler.log_command:Invoked command in '/home/malina01/ldlidar_stl_ros2/build/ldlidar_stl_ros2' returned '0': CMAKE_PREFIX_PATH=${CMAKE_PREFIX_PATH}:/opt/ros/iron /usr/bin/cmake --install /home/malina01/ldlidar_stl_ros2/build/ldlidar_stl_ros2
[2.198s] Level 1:colcon.colcon_core.environment:checking '/home/malina01/ldlidar_stl_ros2/install/ldlidar_stl_ros2' for CMake module files
[2.202s] Level 1:colcon.colcon_core.environment:checking '/home/malina01/ldlidar_stl_ros2/install/ldlidar_stl_ros2' for CMake config files
[2.204s] Level 1:colcon.colcon_core.shell:create_environment_hook('ldlidar_stl_ros2', 'cmake_prefix_path')
[2.205s] INFO:colcon.colcon_core.shell:Creating environment hook '/home/malina01/ldlidar_stl_ros2/install/ldlidar_stl_ros2/share/ldlidar_stl_ros2/hook/cmake_prefix_path.ps1'
[2.208s] INFO:colcon.colcon_core.shell:Creating environment descriptor '/home/malina01/ldlidar_stl_ros2/install/ldlidar_stl_ros2/share/ldlidar_stl_ros2/hook/cmake_prefix_path.dsv'
[2.210s] INFO:colcon.colcon_core.shell:Creating environment hook '/home/malina01/ldlidar_stl_ros2/install/ldlidar_stl_ros2/share/ldlidar_stl_ros2/hook/cmake_prefix_path.sh'
[2.214s] Level 1:colcon.colcon_core.environment:checking '/home/malina01/ldlidar_stl_ros2/install/ldlidar_stl_ros2/lib'
[2.215s] Level 1:colcon.colcon_core.environment:checking '/home/malina01/ldlidar_stl_ros2/install/ldlidar_stl_ros2/bin'
[2.215s] Level 1:colcon.colcon_core.environment:checking '/home/malina01/ldlidar_stl_ros2/install/ldlidar_stl_ros2/lib/pkgconfig/ldlidar_stl_ros2.pc'
[2.216s] Level 1:colcon.colcon_core.environment:checking '/home/malina01/ldlidar_stl_ros2/install/ldlidar_stl_ros2/lib/python3.10/site-packages'
[2.217s] Level 1:colcon.colcon_core.environment:checking '/home/malina01/ldlidar_stl_ros2/install/ldlidar_stl_ros2/bin'
[2.218s] INFO:colcon.colcon_core.shell:Creating package script '/home/malina01/ldlidar_stl_ros2/install/ldlidar_stl_ros2/share/ldlidar_stl_ros2/package.ps1'
[2.222s] INFO:colcon.colcon_core.shell:Creating package descriptor '/home/malina01/ldlidar_stl_ros2/install/ldlidar_stl_ros2/share/ldlidar_stl_ros2/package.dsv'
[2.225s] INFO:colcon.colcon_core.shell:Creating package script '/home/malina01/ldlidar_stl_ros2/install/ldlidar_stl_ros2/share/ldlidar_stl_ros2/package.sh'
[2.229s] INFO:colcon.colcon_core.shell:Creating package script '/home/malina01/ldlidar_stl_ros2/install/ldlidar_stl_ros2/share/ldlidar_stl_ros2/package.bash'
[2.232s] INFO:colcon.colcon_core.shell:Creating package script '/home/malina01/ldlidar_stl_ros2/install/ldlidar_stl_ros2/share/ldlidar_stl_ros2/package.zsh'
[2.235s] Level 1:colcon.colcon_core.environment:create_file_with_runtime_dependencies(/home/malina01/ldlidar_stl_ros2/install/ldlidar_stl_ros2/share/colcon-core/packages/ldlidar_stl_ros2)
[2.237s] Level 1:colcon.colcon_core.environment:create_environment_scripts_only(ldlidar_stl_ros2)
[2.238s] Level 1:colcon.colcon_core.environment:checking '/home/malina01/ldlidar_stl_ros2/install/ldlidar_stl_ros2' for CMake module files
[2.241s] Level 1:colcon.colcon_core.environment:checking '/home/malina01/ldlidar_stl_ros2/install/ldlidar_stl_ros2' for CMake config files
[2.243s] Level 1:colcon.colcon_core.shell:create_environment_hook('ldlidar_stl_ros2', 'cmake_prefix_path')
[2.244s] INFO:colcon.colcon_core.shell:Creating environment hook '/home/malina01/ldlidar_stl_ros2/install/ldlidar_stl_ros2/share/ldlidar_stl_ros2/hook/cmake_prefix_path.ps1'
[2.430s] INFO:colcon.colcon_core.shell:Creating environment descriptor '/home/malina01/ldlidar_stl_ros2/install/ldlidar_stl_ros2/share/ldlidar_stl_ros2/hook/cmake_prefix_path.dsv'
[2.435s] INFO:colcon.colcon_core.shell:Creating environment hook '/home/malina01/ldlidar_stl_ros2/install/ldlidar_stl_ros2/share/ldlidar_stl_ros2/hook/cmake_prefix_path.sh'
[2.438s] Level 1:colcon.colcon_core.environment:checking '/home/malina01/ldlidar_stl_ros2/install/ldlidar_stl_ros2/lib'
[2.439s] Level 1:colcon.colcon_core.environment:checking '/home/malina01/ldlidar_stl_ros2/install/ldlidar_stl_ros2/bin'
[2.439s] Level 1:colcon.colcon_core.environment:checking '/home/malina01/ldlidar_stl_ros2/install/ldlidar_stl_ros2/lib/pkgconfig/ldlidar_stl_ros2.pc'
[2.440s] Level 1:colcon.colcon_core.environment:checking '/home/malina01/ldlidar_stl_ros2/install/ldlidar_stl_ros2/lib/python3.10/site-packages'
[2.442s] Level 1:colcon.colcon_core.environment:checking '/home/malina01/ldlidar_stl_ros2/install/ldlidar_stl_ros2/bin'
[2.443s] INFO:colcon.colcon_core.shell:Creating package script '/home/malina01/ldlidar_stl_ros2/install/ldlidar_stl_ros2/share/ldlidar_stl_ros2/package.ps1'
[2.446s] INFO:colcon.colcon_core.shell:Creating package descriptor '/home/malina01/ldlidar_stl_ros2/install/ldlidar_stl_ros2/share/ldlidar_stl_ros2/package.dsv'
[2.448s] INFO:colcon.colcon_core.shell:Creating package script '/home/malina01/ldlidar_stl_ros2/install/ldlidar_stl_ros2/share/ldlidar_stl_ros2/package.sh'
[2.450s] INFO:colcon.colcon_core.shell:Creating package script '/home/malina01/ldlidar_stl_ros2/install/ldlidar_stl_ros2/share/ldlidar_stl_ros2/package.bash'
[2.453s] INFO:colcon.colcon_core.shell:Creating package script '/home/malina01/ldlidar_stl_ros2/install/ldlidar_stl_ros2/share/ldlidar_stl_ros2/package.zsh'
[2.455s] Level 1:colcon.colcon_core.environment:create_file_with_runtime_dependencies(/home/malina01/ldlidar_stl_ros2/install/ldlidar_stl_ros2/share/colcon-core/packages/ldlidar_stl_ros2)
[2.456s] DEBUG:colcon.colcon_parallel_executor.executor.parallel:closing loop
[2.457s] DEBUG:colcon.colcon_parallel_executor.executor.parallel:loop closed
[2.457s] DEBUG:colcon.colcon_parallel_executor.executor.parallel:run_until_complete finished with '0'
[2.458s] DEBUG:colcon.colcon_core.event_reactor:joining thread
[2.485s] INFO:colcon.colcon_core.plugin_system:Skipping extension 'colcon_notification.desktop_notification.terminal_notifier': Not used on non-Darwin systems
[2.486s] INFO:colcon.colcon_core.plugin_system:Skipping extension 'colcon_notification.desktop_notification.win32': Not used on non-Windows systems
[2.486s] INFO:colcon.colcon_notification.desktop_notification:Sending desktop notification using 'notify2'
[2.564s] DEBUG:colcon.colcon_core.event_reactor:joined thread
[2.566s] INFO:colcon.colcon_core.shell:Creating prefix script '/home/malina01/ldlidar_stl_ros2/install/local_setup.ps1'
[2.571s] INFO:colcon.colcon_core.shell:Creating prefix util module '/home/malina01/ldlidar_stl_ros2/install/_local_setup_util_ps1.py'
[2.580s] INFO:colcon.colcon_core.shell:Creating prefix chain script '/home/malina01/ldlidar_stl_ros2/install/setup.ps1'
[2.586s] INFO:colcon.colcon_core.shell:Creating prefix script '/home/malina01/ldlidar_stl_ros2/install/local_setup.sh'
[2.591s] INFO:colcon.colcon_core.shell:Creating prefix util module '/home/malina01/ldlidar_stl_ros2/install/_local_setup_util_sh.py'
[2.595s] INFO:colcon.colcon_core.shell:Creating prefix chain script '/home/malina01/ldlidar_stl_ros2/install/setup.sh'
[2.601s] INFO:colcon.colcon_core.shell:Creating prefix script '/home/malina01/ldlidar_stl_ros2/install/local_setup.bash'
[2.605s] INFO:colcon.colcon_core.shell:Creating prefix chain script '/home/malina01/ldlidar_stl_ros2/install/setup.bash'
[2.611s] INFO:colcon.colcon_core.shell:Creating prefix script '/home/malina01/ldlidar_stl_ros2/install/local_setup.zsh'
[2.615s] INFO:colcon.colcon_core.shell:Creating prefix chain script '/home/malina01/ldlidar_stl_ros2/install/setup.zsh'
